<?xml version="1.0" encoding="UTF-8"?>
<robot generator="Robot 3.2.2 (Python 3.8.3 on win32)" generated="20210205 19:40:45.163" rpa="false">
<suite id="s1" name="TCIndexValLbl" source="C:\Users\marb6\OneDrive\Documents\RobotFrameworkProjects\RobotProject\TestCases\TCIndexValLbl.robot">
<test id="s1-t1" name="Robot Index Value Label First Test Case">
<kw name="Open Browser" library="SeleniumLibrary">
<doc>Opens a new browser instance to the optional ``url``.</doc>
<arguments>
<arg>${URL}</arg>
<arg>${Browser}</arg>
</arguments>
<msg timestamp="20210205 19:40:45.391" level="INFO">Opening browser 'Firefox' to base url 'http://www.thetestingworld.com/testings'.</msg>
<msg timestamp="20210205 19:40:45.393" level="INFO">Firefox driver log is always forced to to: C:\Users\marb6\OneDrive\Documents\RobotFrameworkProjects\RobotProject\geckodriver-3.log</msg>
<status status="PASS" starttime="20210205 19:40:45.391" endtime="20210205 19:40:53.303"></status>
</kw>
<kw name="Maximize Browser Window" library="SeleniumLibrary">
<doc>Maximizes current browser window.</doc>
<status status="PASS" starttime="20210205 19:40:53.304" endtime="20210205 19:40:53.565"></status>
</kw>
<kw name="Set Selenium Speed" library="SeleniumLibrary">
<doc>Sets the delay that is waited after each Selenium command.</doc>
<arguments>
<arg>2seconds</arg>
</arguments>
<status status="PASS" starttime="20210205 19:40:53.578" endtime="20210205 19:40:53.578"></status>
</kw>
<kw name="Select From List By Index" library="SeleniumLibrary">
<doc>Selects options from selection list ``locator`` by ``indexes``.</doc>
<arguments>
<arg>name:sex</arg>
<arg>2</arg>
</arguments>
<msg timestamp="20210205 19:40:53.579" level="INFO">Selecting options from selection list 'name:sex' by index 2.</msg>
<status status="PASS" starttime="20210205 19:40:53.579" endtime="20210205 19:41:13.874"></status>
</kw>
<kw name="Select From List By Value" library="SeleniumLibrary">
<doc>Selects options from selection list ``locator`` by ``values``.</doc>
<arguments>
<arg>name:sex</arg>
<arg>1</arg>
</arguments>
<msg timestamp="20210205 19:41:13.875" level="INFO">Selecting options from selection list 'name:sex' by value 1.</msg>
<status status="PASS" starttime="20210205 19:41:13.874" endtime="20210205 19:41:28.120"></status>
</kw>
<kw name="Select From List By Label" library="SeleniumLibrary">
<doc>Selects options from selection list ``locator`` by ``labels``.</doc>
<arguments>
<arg>name:sex</arg>
<arg>Female</arg>
</arguments>
<msg timestamp="20210205 19:41:28.121" level="INFO">Selecting options from selection list 'name:sex' by label Female.</msg>
<status status="PASS" starttime="20210205 19:41:28.121" endtime="20210205 19:41:42.356"></status>
</kw>
<status status="PASS" starttime="20210205 19:40:45.390" endtime="20210205 19:41:42.356" critical="yes"></status>
</test>
<status status="PASS" starttime="20210205 19:40:45.165" endtime="20210205 19:41:42.363"></status>
</suite>
<statistics>
<total>
<stat pass="1" fail="0">Critical Tests</stat>
<stat pass="1" fail="0">All Tests</stat>
</total>
<tag>
</tag>
<suite>
<stat pass="1" fail="0" id="s1" name="TCIndexValLbl">TCIndexValLbl</stat>
</suite>
</statistics>
<errors>
</errors>
</robot>
