<?xml version="1.0" encoding="UTF-8"?>
<robot generator="Robot 3.2.2 (Python 3.8.3 on win32)" generated="20210126 12:28:17.073" rpa="false">
<suite id="s1" name="TC001" source="C:\Users\marb6\OneDrive\Documents\RobotFrameworkProjects\RobotProject\TestCases\TC001.robot">
<test id="s1-t1" name="TC001">
<kw name="Open Browser" library="SeleniumLibrary">
<doc>Opens a new browser instance to the optional ``url``.</doc>
<arguments>
<arg>${URL} ${Browser}</arg>
</arguments>
<msg timestamp="20210126 12:28:17.301" level="INFO">Opening browser 'firefox' to base url 'https://www.facebook.com/ Firefox'.</msg>
<msg timestamp="20210126 12:28:17.303" level="INFO">Firefox driver log is always forced to to: C:\Users\marb6\OneDrive\Documents\RobotFrameworkProjects\RobotProject\geckodriver-1.log</msg>
<status status="PASS" starttime="20210126 12:28:17.301" endtime="20210126 12:28:27.531"></status>
</kw>
<kw name="Maximize Browser Window" library="SeleniumLibrary">
<doc>Maximizes current browser window.</doc>
<status status="PASS" starttime="20210126 12:28:27.532" endtime="20210126 12:28:27.811"></status>
</kw>
<kw name="Input Text" library="SeleniumLibrary">
<doc>Types the given ``text`` into the text field identified by ``locator``.</doc>
<arguments>
<arg>id:email</arg>
<arg>hello</arg>
</arguments>
<msg timestamp="20210126 12:28:27.816" level="INFO">Typing text 'hello' into text field 'id:email'.</msg>
<status status="PASS" starttime="20210126 12:28:27.816" endtime="20210126 12:28:27.870"></status>
</kw>
<kw name="Input Text" library="SeleniumLibrary">
<doc>Types the given ``text`` into the text field identified by ``locator``.</doc>
<arguments>
<arg>id:pass</arg>
<arg>Abcd</arg>
</arguments>
<msg timestamp="20210126 12:28:27.871" level="INFO">Typing text 'Abcd' into text field 'id:pass'.</msg>
<status status="PASS" starttime="20210126 12:28:27.870" endtime="20210126 12:28:27.906"></status>
</kw>
<kw name="Click Button" library="SeleniumLibrary">
<doc>Clicks the button identified by ``locator``.</doc>
<arguments>
<arg>xpath://input[@type='sub']</arg>
</arguments>
<msg timestamp="20210126 12:28:27.907" level="INFO">Clicking button 'xpath://input[@type='sub']'.</msg>
<kw name="Capture Page Screenshot" library="SeleniumLibrary">
<doc>Takes a screenshot of the current page and embeds it into a log file.</doc>
<msg timestamp="20210126 12:28:28.198" level="INFO" html="yes">&lt;/td&gt;&lt;/tr&gt;&lt;tr&gt;&lt;td colspan="3"&gt;&lt;a href="selenium-screenshot-3.png"&gt;&lt;img src="selenium-screenshot-3.png" width="800px"&gt;&lt;/a&gt;</msg>
<status status="PASS" starttime="20210126 12:28:27.917" endtime="20210126 12:28:28.198"></status>
</kw>
<msg timestamp="20210126 12:28:28.202" level="FAIL">Button with locator 'xpath://input[@type='sub']' not found.</msg>
<status status="FAIL" starttime="20210126 12:28:27.907" endtime="20210126 12:28:28.202"></status>
</kw>
<status status="FAIL" starttime="20210126 12:28:17.300" endtime="20210126 12:28:28.203" critical="yes">Button with locator 'xpath://input[@type='sub']' not found.</status>
</test>
<status status="FAIL" starttime="20210126 12:28:17.075" endtime="20210126 12:28:28.206"></status>
</suite>
<statistics>
<total>
<stat pass="0" fail="1">Critical Tests</stat>
<stat pass="0" fail="1">All Tests</stat>
</total>
<tag>
</tag>
<suite>
<stat pass="0" fail="1" id="s1" name="TC001">TC001</stat>
</suite>
</statistics>
<errors>
</errors>
</robot>
