<?xml version="1.0" encoding="UTF-8"?>
<robot generator="Robot 3.2.2 (Python 3.8.3 on win32)" generated="20210125 19:42:05.265" rpa="false">
<suite id="s1" name="TC001" source="C:\Users\marb6\OneDrive\Documents\RobotFrameworkProjects\RobotProject\TestCases\TC001.robot">
<test id="s1-t1" name="TC001">
<kw name="Open Browser" library="SeleniumLibrary">
<doc>Opens a new browser instance to the optional ``url``.</doc>
<arguments>
<arg>${URL} ${Browser}</arg>
</arguments>
<msg timestamp="20210125 19:42:05.490" level="INFO">Opening browser 'firefox' to base url 'http://thetestingworld.com/testings Firefox'.</msg>
<msg timestamp="20210125 19:42:05.491" level="INFO">Firefox driver log is always forced to to: C:\Users\marb6\OneDrive\Documents\RobotFrameworkProjects\RobotProject\TestCases\geckodriver-1.log</msg>
<status status="PASS" starttime="20210125 19:42:05.489" endtime="20210125 19:42:15.731"></status>
</kw>
<kw name="Close Browser" library="SeleniumLibrary">
<doc>Closes the current browser.</doc>
<status status="PASS" starttime="20210125 19:42:15.732" endtime="20210125 19:42:16.496"></status>
</kw>
<status status="PASS" starttime="20210125 19:42:05.489" endtime="20210125 19:42:16.497" critical="yes"></status>
</test>
<status status="PASS" starttime="20210125 19:42:05.268" endtime="20210125 19:42:16.503"></status>
</suite>
<statistics>
<total>
<stat pass="1" fail="0">Critical Tests</stat>
<stat pass="1" fail="0">All Tests</stat>
</total>
<tag>
</tag>
<suite>
<stat pass="1" fail="0" id="s1" name="TC001">TC001</stat>
</suite>
</statistics>
<errors>
</errors>
</robot>
